<?xml version="1.0" encoding="UTF-8"?>
<testng-results ignored="0" total="2" passed="2" failed="0" skipped="0">
  <reporter-output>
  </reporter-output>
  <suite started-at="2023-06-17T13:47:09 IST" name="Surefire suite" finished-at="2023-06-17T13:47:10 IST" duration-ms="343">
    <groups>
    </groups>
    <test started-at="2023-06-17T13:47:09 IST" name="Surefire test" finished-at="2023-06-17T13:47:10 IST" duration-ms="343">
      <class name="com.sdet.AppTest">
        <test-method signature="testLogin1()[pri:0, instance:com.sdet.AppTest@47542153]" started-at="2023-06-17T13:47:09 IST" name="testLogin1" finished-at="2023-06-17T13:47:10 IST" duration-ms="102" status="PASS">
          <reporter-output>
          </reporter-output>
        </test-method> <!-- testLogin1 -->
        <test-method signature="testLogin2()[pri:0, instance:com.sdet.AppTest@47542153]" started-at="2023-06-17T13:47:10 IST" name="testLogin2" finished-at="2023-06-17T13:47:10 IST" duration-ms="3" status="PASS">
          <reporter-output>
          </reporter-output>
        </test-method> <!-- testLogin2 -->
      </class> <!-- com.sdet.AppTest -->
    </test> <!-- Surefire test -->
  </suite> <!-- Surefire suite -->
</testng-results>
