<?xml version="1.0" encoding="UTF-8"?>
<testng-results ignored="0" total="2" passed="2" failed="0" skipped="0">
  <reporter-output>
  </reporter-output>
  <suite started-at="2023-06-17T13:45:09 IST" name="Default suite" finished-at="2023-06-17T13:45:09 IST" duration-ms="583">
    <groups>
    </groups>
    <test started-at="2023-06-17T13:45:09 IST" name="Default test" finished-at="2023-06-17T13:45:09 IST" duration-ms="583">
      <class name="com.sdet.AppTest">
        <test-method signature="testLogin1()[pri:0, instance:com.sdet.AppTest@5c6648b0]" started-at="2023-06-17T13:45:09 IST" name="testLogin1" finished-at="2023-06-17T13:45:09 IST" duration-ms="105" status="PASS">
          <reporter-output>
          </reporter-output>
        </test-method> <!-- testLogin1 -->
        <test-method signature="testLogin2()[pri:0, instance:com.sdet.AppTest@5c6648b0]" started-at="2023-06-17T13:45:09 IST" name="testLogin2" finished-at="2023-06-17T13:45:09 IST" duration-ms="6" status="PASS">
          <reporter-output>
          </reporter-output>
        </test-method> <!-- testLogin2 -->
      </class> <!-- com.sdet.AppTest -->
    </test> <!-- Default test -->
  </suite> <!-- Default suite -->
</testng-results>
